TN:
SF:src\router.ts
FN:23,(anonymous_0)
FN:37,(anonymous_1)
FNF:2
FNH:2
FNDA:4,(anonymous_0)
FNDA:5,(anonymous_1)
DA:1,2
DA:2,2
DA:3,2
DA:4,2
DA:6,2
DA:8,2
DA:9,2
DA:14,2
DA:23,4
DA:28,2
DA:37,5
DA:43,2
DA:49,2
DA:55,2
LF:14
LH:14
BRF:0
BRH:0
end_of_record
TN:
SF:src\server.ts
FN:7,connectDB
FN:28,(anonymous_2)
FNF:2
FNH:2
FNDA:3,connectDB
FNDA:1,(anonymous_2)
DA:1,2
DA:2,2
DA:3,2
DA:4,2
DA:7,2
DA:8,3
DA:9,3
DA:10,2
DA:14,1
DA:18,2
DA:21,2
DA:22,2
DA:23,2
DA:26,2
DA:28,2
DA:29,1
DA:32,2
LF:17
LH:17
BRF:0
BRH:0
end_of_record
TN:
SF:src\config\db.ts
FNF:0
FNH:0
DA:1,2
DA:2,2
DA:3,2
DA:6,2
DA:11,2
LF:5
LH:5
BRF:0
BRH:0
end_of_record
TN:
SF:src\handlers\product.ts
FN:4,(anonymous_1)
FN:15,(anonymous_2)
FN:27,(anonymous_3)
FN:32,(anonymous_4)
FN:50,(anonymous_5)
FN:69,(anonymous_6)
FNF:6
FNH:6
FNDA:2,(anonymous_1)
FNDA:2,(anonymous_2)
FNDA:1,(anonymous_3)
FNDA:2,(anonymous_4)
FNDA:2,(anonymous_5)
FNDA:2,(anonymous_6)
DA:2,2
DA:4,2
DA:5,2
DA:12,2
DA:15,2
DA:16,2
DA:17,2
DA:19,2
DA:20,1
DA:24,1
DA:27,2
DA:28,1
DA:29,1
DA:32,2
DA:33,2
DA:34,2
DA:37,2
DA:38,1
DA:44,1
DA:45,1
DA:47,1
DA:50,2
DA:51,2
DA:52,2
DA:55,2
DA:56,1
DA:62,1
DA:64,1
DA:66,1
DA:69,2
DA:70,2
DA:71,2
DA:74,2
DA:75,1
DA:81,1
DA:83,1
LF:36
LH:36
BRDA:19,0,0,1
BRDA:37,1,0,1
BRDA:55,2,0,1
BRDA:74,3,0,1
BRF:4
BRH:4
end_of_record
TN:
SF:src\middleware\index.ts
FN:4,(anonymous_0)
FNF:1
FNH:1
FNDA:18,(anonymous_0)
DA:2,2
DA:4,2
DA:5,18
DA:6,18
DA:7,9
DA:9,9
LF:6
LH:6
BRDA:6,0,0,9
BRF:1
BRH:1
end_of_record
TN:
SF:src\models\Product.model.ts
FNF:0
FNH:0
DA:1,3
DA:7,3
DA:11,3
DA:16,3
DA:22,3
DA:25,3
LF:6
LH:6
BRF:0
BRH:0
end_of_record
